Flow report for LogicalStep_top
Sun Jun 02 13:29:30 2024
Quartus Prime Version 18.1.0 Build 625 09/12/2018 SJ Standard Edition


---------------------
; Table of Contents ;
---------------------
  1. Legal Notice
  2. Flow Summary
  3. Flow Settings
  4. Flow Non-Default Global Settings
  5. Flow Elapsed Time
  6. Flow OS Summary
  7. Flow Log
  8. Flow Messages
  9. Flow Suppressed Messages



----------------
; Legal Notice ;
----------------
Copyright (C) 2018  Intel Corporation. All rights reserved.
Your use of Intel Corporation's design tools, logic functions 
and other software and tools, and its AMPP partner logic 
functions, and any output files from any of the foregoing 
(including device programming or simulation files), and any 
associated documentation or information are expressly subject 
to the terms and conditions of the Intel Program License 
Subscription Agreement, the Intel Quartus Prime License Agreement,
the Intel FPGA IP License Agreement, or other applicable license
agreement, including, without limitation, that your use is for
the sole purpose of programming logic devices manufactured by
Intel and sold by Intel or its authorized distributors.  Please
refer to the applicable agreement for further details.



+--------------------------------------------------------------------------------------+
; Flow Summary                                                                         ;
+------------------------------------+-------------------------------------------------+
; Flow Status                        ; Successful - Sun Jun 02 13:29:30 2024           ;
; Quartus Prime Version              ; 18.1.0 Build 625 09/12/2018 SJ Standard Edition ;
; Revision Name                      ; LogicalStep_top                                 ;
; Top-level Entity Name              ; LogicalStep_top                                 ;
; Family                             ; MAX 10                                          ;
; Device                             ; 10M08SAE144C8G                                  ;
; Timing Models                      ; Final                                           ;
; Total logic elements               ; 6,234 / 8,064 ( 77 % )                          ;
;     Total combinational functions  ; 5,497 / 8,064 ( 68 % )                          ;
;     Dedicated logic registers      ; 3,931 / 8,064 ( 49 % )                          ;
; Total registers                    ; 3999                                            ;
; Total pins                         ; 96 / 101 ( 95 % )                               ;
; Total virtual pins                 ; 0                                               ;
; Total memory bits                  ; 73,088 / 387,072 ( 19 % )                       ;
; Embedded Multiplier 9-bit elements ; 6 / 48 ( 13 % )                                 ;
; Total PLLs                         ; 1 / 1 ( 100 % )                                 ;
; UFM blocks                         ; 0 / 1 ( 0 % )                                   ;
; ADC blocks                         ; 0 / 1 ( 0 % )                                   ;
+------------------------------------+-------------------------------------------------+


+-----------------------------------------+
; Flow Settings                           ;
+-------------------+---------------------+
; Option            ; Setting             ;
+-------------------+---------------------+
; Start date & time ; 06/02/2024 13:28:02 ;
; Main task         ; Compilation         ;
; Revision Name     ; LogicalStep_top     ;
+-------------------+---------------------+


+---------------------------------------------------------------------------------------------------------------------------------------------+
; Flow Non-Default Global Settings                                                                                                            ;
+--------------------------------------+-------------------------------------------------------+---------------+-------------+----------------+
; Assignment Name                      ; Value                                                 ; Default Value ; Entity Name ; Section Id     ;
+--------------------------------------+-------------------------------------------------------+---------------+-------------+----------------+
; COMPILER_SIGNATURE_ID                ; 79306761364425.171736008206424                        ; --            ; --          ; --             ;
; EDA_OUTPUT_DATA_FORMAT               ; Vhdl                                                  ; --            ; --          ; eda_simulation ;
; EDA_SIMULATION_TOOL                  ; ModelSim-Altera (VHDL)                                ; <None>        ; --          ; --             ;
; FLOW_ENABLE_POWER_ANALYZER           ; On                                                    ; Off           ; --          ; --             ;
; IOBANK_VCCIO                         ; 3.3V                                                  ; --            ; --          ; 1A             ;
; IOBANK_VCCIO                         ; 3.3V                                                  ; --            ; --          ; 1B             ;
; IOBANK_VCCIO                         ; 3.3V                                                  ; --            ; --          ; 2              ;
; IOBANK_VCCIO                         ; 3.3V                                                  ; --            ; --          ; 3              ;
; IOBANK_VCCIO                         ; 3.3V                                                  ; --            ; --          ; 4              ;
; IOBANK_VCCIO                         ; 3.3V                                                  ; --            ; --          ; 5              ;
; IOBANK_VCCIO                         ; 3.3V                                                  ; --            ; --          ; 6              ;
; IOBANK_VCCIO                         ; 3.3V                                                  ; --            ; --          ; 7              ;
; IOBANK_VCCIO                         ; 3.3V                                                  ; --            ; --          ; 8              ;
; MAX_CORE_JUNCTION_TEMP               ; 85                                                    ; --            ; --          ; --             ;
; MIN_CORE_JUNCTION_TEMP               ; 0                                                     ; --            ; --          ; --             ;
; MISC_FILE                            ; QD1/synthesis/../QD1.cmp                              ; --            ; --          ; --             ;
; MISC_FILE                            ; QD1/synthesis/../../QD1.qsys                          ; --            ; --          ; --             ;
; OUTPUT_IO_TIMING_FAR_END_VMEAS       ; Half Signal Swing                                     ; --            ; --          ; --             ;
; OUTPUT_IO_TIMING_FAR_END_VMEAS       ; Half Signal Swing                                     ; --            ; --          ; --             ;
; OUTPUT_IO_TIMING_NEAR_END_VMEAS      ; Half Vccio                                            ; --            ; --          ; --             ;
; OUTPUT_IO_TIMING_NEAR_END_VMEAS      ; Half Vccio                                            ; --            ; --          ; --             ;
; PARTITION_COLOR                      ; -- (Not supported for targeted family)                ; --            ; --          ; Top            ;
; PARTITION_FITTER_PRESERVATION_LEVEL  ; -- (Not supported for targeted family)                ; --            ; --          ; Top            ;
; PARTITION_NETLIST_TYPE               ; -- (Not supported for targeted family)                ; --            ; --          ; Top            ;
; POWER_BOARD_THERMAL_MODEL            ; None (CONSERVATIVE)                                   ; --            ; --          ; --             ;
; POWER_DEFAULT_INPUT_IO_TOGGLE_RATE   ; 12.5 %                                                ; 12.5%         ; --          ; --             ;
; POWER_PRESET_COOLING_SOLUTION        ; 23 MM HEAT SINK WITH 200 LFPM AIRFLOW                 ; --            ; --          ; --             ;
; PROJECT_OUTPUT_DIRECTORY             ; output_files                                          ; --            ; --          ; --             ;
; SLD_FILE                             ; QD1/synthesis/QD1.regmap                              ; --            ; --          ; --             ;
; SLD_FILE                             ; QD1/synthesis/QD1.debuginfo                           ; --            ; --          ; --             ;
; SLD_INFO                             ; QSYS_NAME QD1 HAS_SOPCINFO 1 GENERATION_ID 1717359392 ; --            ; QD1         ; --             ;
; SOPCINFO_FILE                        ; QD1/synthesis/../../QD1.sopcinfo                      ; --            ; --          ; --             ;
; SYNTHESIS_ONLY_QIP                   ; On                                                    ; --            ; --          ; --             ;
; TIMING_ANALYZER_MULTICORNER_ANALYSIS ; Off                                                   ; On            ; --          ; --             ;
+--------------------------------------+-------------------------------------------------------+---------------+-------------+----------------+


+--------------------------------------------------------------------------------------------------------------------------+
; Flow Elapsed Time                                                                                                        ;
+----------------------+--------------+-------------------------+---------------------+------------------------------------+
; Module Name          ; Elapsed Time ; Average Processors Used ; Peak Virtual Memory ; Total CPU Time (on all processors) ;
+----------------------+--------------+-------------------------+---------------------+------------------------------------+
; Analysis & Synthesis ; 00:00:42     ; 1.0                     ; 5086 MB             ; 00:00:51                           ;
; Fitter               ; 00:00:17     ; 1.9                     ; 6291 MB             ; 00:00:40                           ;
; Assembler            ; 00:00:03     ; 1.0                     ; 4711 MB             ; 00:00:01                           ;
; Power Analyzer       ; 00:00:10     ; 1.8                     ; 5010 MB             ; 00:00:15                           ;
; Timing Analyzer      ; 00:00:03     ; 1.0                     ; 4784 MB             ; 00:00:02                           ;
; EDA Netlist Writer   ; 00:00:03     ; 1.0                     ; 4728 MB             ; 00:00:02                           ;
; Total                ; 00:01:18     ; --                      ; --                  ; 00:01:51                           ;
+----------------------+--------------+-------------------------+---------------------+------------------------------------+


+------------------------------------------------------------------------------------+
; Flow OS Summary                                                                    ;
+----------------------+------------------+------------+------------+----------------+
; Module Name          ; Machine Hostname ; OS Name    ; OS Version ; Processor type ;
+----------------------+------------------+------------+------------+----------------+
; Analysis & Synthesis ; ECE-CPUIO2-16    ; Windows 10 ; 10.0       ; x86_64         ;
; Fitter               ; ECE-CPUIO2-16    ; Windows 10 ; 10.0       ; x86_64         ;
; Assembler            ; ECE-CPUIO2-16    ; Windows 10 ; 10.0       ; x86_64         ;
; Power Analyzer       ; ECE-CPUIO2-16    ; Windows 10 ; 10.0       ; x86_64         ;
; Timing Analyzer      ; ECE-CPUIO2-16    ; Windows 10 ; 10.0       ; x86_64         ;
; EDA Netlist Writer   ; ECE-CPUIO2-16    ; Windows 10 ; 10.0       ; x86_64         ;
+----------------------+------------------+------------+------------+----------------+


------------
; Flow Log ;
------------
quartus_map --read_settings_files=on --write_settings_files=off LogicalStep -c LogicalStep_top
quartus_fit --read_settings_files=off --write_settings_files=off LogicalStep -c LogicalStep_top
quartus_asm --read_settings_files=off --write_settings_files=off LogicalStep -c LogicalStep_top
quartus_pow --read_settings_files=off --write_settings_files=off LogicalStep -c LogicalStep_top
quartus_sta LogicalStep -c LogicalStep_top
quartus_eda --read_settings_files=off --write_settings_files=off LogicalStep -c LogicalStep_top



